--------------- Build Started: 11/26/2018 14:27:50 Project: Oscilliscope, Configuration: ARM GCC 4.9-2015-q1-update Debug ---------------
cydsfit.exe -.appdatapath "C:\Users\Nelson\AppData\Local\Cypress Semiconductor\PSoC Creator\4.0" -.fdsnotice -.fdswarpdepfile=warp_dependencies.txt -.fdselabdepfile=elab_dependencies.txt -.fdsbldfile=generated_files.txt -.fdsreffile=referenced_files.txt -p "C:\Users\Nelson\Desktop\121 labs\CMPE121 Lab Project\Oscilloscope\PSOC\Oscilliscope.cydsn\Oscilliscope.cyprj" -d CY8C5888LTI-LP097 -s "C:\Users\Nelson\Desktop\121 labs\CMPE121 Lab Project\Oscilloscope\PSOC\Oscilliscope.cydsn\Generated_Source\PSoC5" -- -yv2 -q10 -ygs -o2 -v3 -.fftcfgtype=LE
Elaborating Design...
HDL Generation...
Synthesis...
Tech Mapping...
ADD: pft.M0040: information: The following 2 pin(s) will be assigned a location by the fitter: \ADC_SAR_1:Bypass(0)\, \ADC_SAR_2:Bypass(0)\
Analog Placement...
Info: apr.M0002: Analog signal "\ADC_DelSig:Net_35\" is connected to one terminal only. (App=cydsfit)
Log: apr.M0058: The analog placement iterative improvement is 91% done. (App=cydsfit)
Analog Routing...
Analog Code Generation...
Digital Placement...
Digital Routing...
Bitstream Generation...
Bitstream Verification...
Static timing analysis...
API Generation...
Dependency Generation...
Cleanup...
arm-none-eabi-gcc.exe -mcpu=cortex-m3 -mthumb -I. -IGenerated_Source\PSoC5 -Wa,-alh=.\CortexM3\ARM_GCC_493\Debug/cyfitter_cfg.lst -g -D DEBUG -Wall -ffunction-sections -Og -ffat-lto-objects -c Generated_Source\PSoC5\cyfitter_cfg.c -o .\CortexM3\ARM_GCC_493\Debug\cyfitter_cfg.o
arm-none-eabi-ar.exe -rs .\CortexM3\ARM_GCC_493\Debug\Oscilliscope.a .\CortexM3\ARM_GCC_493\Debug\cyfitter_cfg.o .\CortexM3\ARM_GCC_493\Debug\probe1.o .\CortexM3\ARM_GCC_493\Debug\ADCInt1.o .\CortexM3\ARM_GCC_493\Debug\Clock_1.o .\CortexM3\ARM_GCC_493\Debug\ADCDMA1_dma.o .\CortexM3\ARM_GCC_493\Debug\probe2.o .\CortexM3\ARM_GCC_493\Debug\USBFS.o .\CortexM3\ARM_GCC_493\Debug\USBFS_audio.o .\CortexM3\ARM_GCC_493\Debug\USBFS_boot.o .\CortexM3\ARM_GCC_493\Debug\USBFS_cdc.o .\CortexM3\ARM_GCC_493\Debug\USBFS_cls.o .\CortexM3\ARM_GCC_493\Debug\USBFS_descr.o .\CortexM3\ARM_GCC_493\Debug\USBFS_drv.o .\CortexM3\ARM_GCC_493\Debug\USBFS_episr.o .\CortexM3\ARM_GCC_493\Debug\USBFS_hid.o .\CortexM3\ARM_GCC_493\Debug\USBFS_pm.o .\CortexM3\ARM_GCC_493\Debug\USBFS_std.o .\CortexM3\ARM_GCC_493\Debug\USBFS_vnd.o .\CortexM3\ARM_GCC_493\Debug\USBFS_midi.o .\CortexM3\ARM_GCC_493\Debug\USBFS_msc.o .\CortexM3\ARM_GCC_493\Debug\ADC_SAR_1.o .\CortexM3\ARM_GCC_493\Debug\ADC_SAR_1_INT.o .\CortexM3\ARM_GCC_493\Debug\ADC_SAR_1_PM.o .\CortexM3\ARM_GCC_493\Debug\ADC_DelSig.o .\CortexM3\ARM_GCC_493\Debug\ADC_DelSig_PM.o .\CortexM3\ARM_GCC_493\Debug\ADC_DelSig_INT.o .\CortexM3\ARM_GCC_493\Debug\potSelect.o .\CortexM3\ARM_GCC_493\Debug\potChannel1.o .\CortexM3\ARM_GCC_493\Debug\potChannel2.o .\CortexM3\ARM_GCC_493\Debug\ADC_SAR_2.o .\CortexM3\ARM_GCC_493\Debug\ADC_SAR_2_INT.o .\CortexM3\ARM_GCC_493\Debug\ADC_SAR_2_PM.o .\CortexM3\ARM_GCC_493\Debug\ADCDMA2_dma.o .\CortexM3\ARM_GCC_493\Debug\ADCInt2.o .\CortexM3\ARM_GCC_493\Debug\USBFS_Dm.o .\CortexM3\ARM_GCC_493\Debug\USBFS_Dp.o .\CortexM3\ARM_GCC_493\Debug\ADC_SAR_1_IRQ.o .\CortexM3\ARM_GCC_493\Debug\ADC_SAR_1_theACLK.o .\CortexM3\ARM_GCC_493\Debug\ADC_SAR_1_Bypass.o .\CortexM3\ARM_GCC_493\Debug\ADC_DelSig_AMux.o .\CortexM3\ARM_GCC_493\Debug\ADC_DelSig_Ext_CP_Clk.o .\CortexM3\ARM_GCC_493\Debug\ADC_DelSig_IRQ.o .\CortexM3\ARM_GCC_493\Debug\ADC_DelSig_theACLK.o .\CortexM3\ARM_GCC_493\Debug\ADC_SAR_2_IRQ.o .\CortexM3\ARM_GCC_493\Debug\ADC_SAR_2_theACLK.o .\CortexM3\ARM_GCC_493\Debug\ADC_SAR_2_Bypass.o .\CortexM3\ARM_GCC_493\Debug\CyDmac.o .\CortexM3\ARM_GCC_493\Debug\CyFlash.o .\CortexM3\ARM_GCC_493\Debug\CyLib.o .\CortexM3\ARM_GCC_493\Debug\cyPm.o .\CortexM3\ARM_GCC_493\Debug\CySpc.o .\CortexM3\ARM_GCC_493\Debug\cyutils.o .\CortexM3\ARM_GCC_493\Debug\CyBootAsmGnu.o
arm-none-eabi-ar.exe: creating .\CortexM3\ARM_GCC_493\Debug\Oscilliscope.a
arm-none-eabi-gcc.exe -Wl,--start-group -o .\CortexM3\ARM_GCC_493\Debug\Oscilliscope.elf .\CortexM3\ARM_GCC_493\Debug\main.o .\CortexM3\ARM_GCC_493\Debug\cymetadata.o .\CortexM3\ARM_GCC_493\Debug\Cm3Start.o .\CortexM3\ARM_GCC_493\Debug\Oscilliscope.a "C:\Program Files (x86)\Cypress\PSoC Creator\4.0\PSoC Creator\psoc\content\cycomponentlibrary\CyComponentLibrary.cylib\CortexM3\ARM_GCC_493\Debug\CyComponentLibrary.a" -mcpu=cortex-m3 -mthumb -g -ffunction-sections -Og -ffat-lto-objects -L Generated_Source\PSoC5 -Wl,-Map,.\CortexM3\ARM_GCC_493\Debug/Oscilliscope.map -T "C:\Users\Nelson\Desktop\121 labs\CMPE121 Lab Project\Oscilloscope\PSOC\Oscilliscope.cydsn\Generated_Source\PSoC5\cm3gcc.ld" -specs=nano.specs -Wl,--gc-sections -Wl,--end-group
cyelftool.exe -C "C:\Users\Nelson\Desktop\121 labs\CMPE121 Lab Project\Oscilloscope\PSOC\Oscilliscope.cydsn\CortexM3\ARM_GCC_493\Debug\Oscilliscope.elf" --flash_row_size 256 --flash_size 262144
cyelftool.exe -S "C:\Users\Nelson\Desktop\121 labs\CMPE121 Lab Project\Oscilloscope\PSOC\Oscilliscope.cydsn\CortexM3\ARM_GCC_493\Debug\Oscilliscope.elf"
Flash used: 11310 of 262144 bytes (4.3 %).
SRAM used: 3093 of 65536 bytes (4.7 %). Stack: 2048 bytes. Heap: 128 bytes.
--------------- Build Succeeded: 11/26/2018 14:28:00 ---------------
