ARM GAS  C:\Users\Nelson\AppData\Local\Temp\ccgPuwIq.s 			page 1


   1              		.syntax unified
   2              		.cpu cortex-m3
   3              		.fpu softvfp
   4              		.eabi_attribute 20, 1
   5              		.eabi_attribute 21, 1
   6              		.eabi_attribute 23, 3
   7              		.eabi_attribute 24, 1
   8              		.eabi_attribute 25, 1
   9              		.eabi_attribute 26, 1
  10              		.eabi_attribute 30, 1
  11              		.eabi_attribute 34, 1
  12              		.eabi_attribute 18, 4
  13              		.thumb
  14              		.file	"cymetadata.c"
  15              		.text
  16              	.Ltext0:
  17              		.cfi_sections	.debug_frame
  18              		.global	cy_metadata
  19              		.global	cy_meta_flashprotect
  20              		.global	cy_meta_wonvl
  21              		.global	cy_meta_custnvl
  22              		.global	cy_meta_configecc
  23              		.section	.cyconfigecc,"a",%progbits
  24              		.align	2
  25              		.type	cy_meta_configecc, %object
  26              		.size	cy_meta_configecc, 396
  27              	cy_meta_configecc:
  28 0000 01       		.byte	1
  29 0001 45       		.byte	69
  30 0002 00       		.byte	0
  31 0003 40       		.byte	64
  32 0004 01       		.byte	1
  33 0005 52       		.byte	82
  34 0006 00       		.byte	0
  35 0007 40       		.byte	64
  36 0008 02       		.byte	2
  37 0009 5B       		.byte	91
  38 000a 00       		.byte	0
  39 000b 40       		.byte	64
  40 000c 01       		.byte	1
  41 000d 05       		.byte	5
  42 000e 01       		.byte	1
  43 000f 40       		.byte	64
  44 0010 03       		.byte	3
  45 0011 07       		.byte	7
  46 0012 01       		.byte	1
  47 0013 40       		.byte	64
  48 0014 04       		.byte	4
  49 0015 09       		.byte	9
  50 0016 01       		.byte	1
  51 0017 40       		.byte	64
  52 0018 04       		.byte	4
  53 0019 0A       		.byte	10
  54 001a 01       		.byte	1
  55 001b 40       		.byte	64
  56 001c 02       		.byte	2
  57 001d 0B       		.byte	11
ARM GAS  C:\Users\Nelson\AppData\Local\Temp\ccgPuwIq.s 			page 2


  58 001e 01       		.byte	1
  59 001f 40       		.byte	64
  60 0020 03       		.byte	3
  61 0021 15       		.byte	21
  62 0022 01       		.byte	1
  63 0023 40       		.byte	64
  64 0024 02       		.byte	2
  65 0025 17       		.byte	23
  66 0026 01       		.byte	1
  67 0027 40       		.byte	64
  68 0028 02       		.byte	2
  69 0029 19       		.byte	25
  70 002a 01       		.byte	1
  71 002b 40       		.byte	64
  72 002c 03       		.byte	3
  73 002d 1B       		.byte	27
  74 002e 01       		.byte	1
  75 002f 40       		.byte	64
  76 0030 07       		.byte	7
  77 0031 40       		.byte	64
  78 0032 01       		.byte	1
  79 0033 40       		.byte	64
  80 0034 08       		.byte	8
  81 0035 41       		.byte	65
  82 0036 01       		.byte	1
  83 0037 40       		.byte	64
  84 0038 07       		.byte	7
  85 0039 42       		.byte	66
  86 003a 01       		.byte	1
  87 003b 40       		.byte	64
  88 003c 0A       		.byte	10
  89 003d 43       		.byte	67
  90 003e 01       		.byte	1
  91 003f 40       		.byte	64
  92 0040 02       		.byte	2
  93 0041 44       		.byte	68
  94 0042 01       		.byte	1
  95 0043 40       		.byte	64
  96 0044 01       		.byte	1
  97 0045 45       		.byte	69
  98 0046 01       		.byte	1
  99 0047 40       		.byte	64
 100 0048 07       		.byte	7
 101 0049 46       		.byte	70
 102 004a 01       		.byte	1
 103 004b 40       		.byte	64
 104 004c 0F       		.byte	15
 105 004d 47       		.byte	71
 106 004e 01       		.byte	1
 107 004f 40       		.byte	64
 108 0050 0A       		.byte	10
 109 0051 48       		.byte	72
 110 0052 01       		.byte	1
 111 0053 40       		.byte	64
 112 0054 0B       		.byte	11
 113 0055 49       		.byte	73
 114 0056 01       		.byte	1
ARM GAS  C:\Users\Nelson\AppData\Local\Temp\ccgPuwIq.s 			page 3


 115 0057 40       		.byte	64
 116 0058 07       		.byte	7
 117 0059 4C       		.byte	76
 118 005a 01       		.byte	1
 119 005b 40       		.byte	64
 120 005c 04       		.byte	4
 121 005d 4D       		.byte	77
 122 005e 01       		.byte	1
 123 005f 40       		.byte	64
 124 0060 04       		.byte	4
 125 0061 51       		.byte	81
 126 0062 01       		.byte	1
 127 0063 40       		.byte	64
 128 0064 7E       		.byte	126
 129 0065 02       		.byte	2
 130 0066 7C       		.byte	124
 131 0067 40       		.byte	64
 132 0068 27       		.byte	39
 133 0069 84       		.byte	-124
 134 006a 2F       		.byte	47
 135 006b 84       		.byte	-124
 136 006c EE       		.byte	-18
 137 006d 01       		.byte	1
 138 006e E2       		.byte	-30
 139 006f 04       		.byte	4
 140 0070 EA       		.byte	-22
 141 0071 01       		.byte	1
 142 0072 EE       		.byte	-18
 143 0073 01       		.byte	1
 144 0074 B5       		.byte	-75
 145 0075 02       		.byte	2
 146 0076 E2       		.byte	-30
 147 0077 04       		.byte	4
 148 0078 EA       		.byte	-22
 149 0079 01       		.byte	1
 150 007a EE       		.byte	-18
 151 007b 01       		.byte	1
 152 007c B8       		.byte	-72
 153 007d 02       		.byte	2
 154 007e BE       		.byte	-66
 155 007f 01       		.byte	1
 156 0080 D8       		.byte	-40
 157 0081 04       		.byte	4
 158 0082 DF       		.byte	-33
 159 0083 01       		.byte	1
 160 0084 1D       		.byte	29
 161 0085 02       		.byte	2
 162 0086 EE       		.byte	-18
 163 0087 01       		.byte	1
 164 0088 E8       		.byte	-24
 165 0089 04       		.byte	4
 166 008a EC       		.byte	-20
 167 008b 90       		.byte	-112
 168 008c EE       		.byte	-18
 169 008d 04       		.byte	4
 170 008e EA       		.byte	-22
 171 008f 08       		.byte	8
ARM GAS  C:\Users\Nelson\AppData\Local\Temp\ccgPuwIq.s 			page 4


 172 0090 EE       		.byte	-18
 173 0091 02       		.byte	2
 174 0092 EA       		.byte	-22
 175 0093 08       		.byte	8
 176 0094 EE       		.byte	-18
 177 0095 02       		.byte	2
 178 0096 E8       		.byte	-24
 179 0097 04       		.byte	4
 180 0098 EC       		.byte	-20
 181 0099 90       		.byte	-112
 182 009a EE       		.byte	-18
 183 009b 04       		.byte	4
 184 009c 33       		.byte	51
 185 009d 08       		.byte	8
 186 009e 36       		.byte	54
 187 009f 04       		.byte	4
 188 00a0 38       		.byte	56
 189 00a1 08       		.byte	8
 190 00a2 3B       		.byte	59
 191 00a3 20       		.byte	32
 192 00a4 3F       		.byte	63
 193 00a5 80       		.byte	-128
 194 00a6 CC       		.byte	-52
 195 00a7 C0       		.byte	-64
 196 00a8 CE       		.byte	-50
 197 00a9 70       		.byte	112
 198 00aa 33       		.byte	51
 199 00ab 14       		.byte	20
 200 00ac 35       		.byte	53
 201 00ad 20       		.byte	32
 202 00ae 37       		.byte	55
 203 00af 08       		.byte	8
 204 00b0 94       		.byte	-108
 205 00b1 08       		.byte	8
 206 00b2 97       		.byte	-105
 207 00b3 20       		.byte	32
 208 00b4 A6       		.byte	-90
 209 00b5 04       		.byte	4
 210 00b6 A7       		.byte	-89
 211 00b7 48       		.byte	72
 212 00b8 CC       		.byte	-52
 213 00b9 F0       		.byte	-16
 214 00ba 94       		.byte	-108
 215 00bb 08       		.byte	8
 216 00bc 97       		.byte	-105
 217 00bd 20       		.byte	32
 218 00be 9F       		.byte	-97
 219 00bf 1C       		.byte	28
 220 00c0 A6       		.byte	-90
 221 00c1 04       		.byte	4
 222 00c2 A7       		.byte	-89
 223 00c3 48       		.byte	72
 224 00c4 A9       		.byte	-87
 225 00c5 20       		.byte	32
 226 00c6 EE       		.byte	-18
 227 00c7 80       		.byte	-128
 228 00c8 83       		.byte	-125
ARM GAS  C:\Users\Nelson\AppData\Local\Temp\ccgPuwIq.s 			page 5


 229 00c9 10       		.byte	16
 230 00ca 94       		.byte	-108
 231 00cb 08       		.byte	8
 232 00cc 97       		.byte	-105
 233 00cd 20       		.byte	32
 234 00ce 9F       		.byte	-97
 235 00cf 18       		.byte	24
 236 00d0 A6       		.byte	-90
 237 00d1 04       		.byte	4
 238 00d2 A7       		.byte	-89
 239 00d3 40       		.byte	64
 240 00d4 AB       		.byte	-85
 241 00d5 0C       		.byte	12
 242 00d6 E2       		.byte	-30
 243 00d7 20       		.byte	32
 244 00d8 EA       		.byte	-22
 245 00d9 80       		.byte	-128
 246 00da EE       		.byte	-18
 247 00db 80       		.byte	-128
 248 00dc 7C       		.byte	124
 249 00dd 01       		.byte	1
 250 00de DE       		.byte	-34
 251 00df 01       		.byte	1
 252 00e0 94       		.byte	-108
 253 00e1 01       		.byte	1
 254 00e2 1A       		.byte	26
 255 00e3 80       		.byte	-128
 256 00e4 45       		.byte	69
 257 00e5 08       		.byte	8
 258 00e6 94       		.byte	-108
 259 00e7 01       		.byte	1
 260 00e8 A5       		.byte	-91
 261 00e9 80       		.byte	-128
 262 00ea A9       		.byte	-87
 263 00eb 80       		.byte	-128
 264 00ec C6       		.byte	-58
 265 00ed 08       		.byte	8
 266 00ee D0       		.byte	-48
 267 00ef 01       		.byte	1
 268 00f0 09       		.byte	9
 269 00f1 80       		.byte	-128
 270 00f2 0B       		.byte	11
 271 00f3 40       		.byte	64
 272 00f4 0F       		.byte	15
 273 00f5 81       		.byte	-127
 274 00f6 12       		.byte	18
 275 00f7 40       		.byte	64
 276 00f8 45       		.byte	69
 277 00f9 20       		.byte	32
 278 00fa 83       		.byte	-125
 279 00fb 40       		.byte	64
 280 00fc 97       		.byte	-105
 281 00fd 01       		.byte	1
 282 00fe A5       		.byte	-91
 283 00ff 88       		.byte	-120
 284 0100 AA       		.byte	-86
 285 0101 40       		.byte	64
ARM GAS  C:\Users\Nelson\AppData\Local\Temp\ccgPuwIq.s 			page 6


 286 0102 AB       		.byte	-85
 287 0103 01       		.byte	1
 288 0104 B4       		.byte	-76
 289 0105 01       		.byte	1
 290 0106 C2       		.byte	-62
 291 0107 0F       		.byte	15
 292 0108 C4       		.byte	-60
 293 0109 08       		.byte	8
 294 010a D0       		.byte	-48
 295 010b 04       		.byte	4
 296 010c EC       		.byte	-20
 297 010d 08       		.byte	8
 298 010e 21       		.byte	33
 299 010f 04       		.byte	4
 300 0110 25       		.byte	37
 301 0111 10       		.byte	16
 302 0112 27       		.byte	39
 303 0113 10       		.byte	16
 304 0114 94       		.byte	-108
 305 0115 08       		.byte	8
 306 0116 A6       		.byte	-90
 307 0117 04       		.byte	4
 308 0118 A7       		.byte	-89
 309 0119 40       		.byte	64
 310 011a AF       		.byte	-81
 311 011b 18       		.byte	24
 312 011c C8       		.byte	-56
 313 011d E0       		.byte	-32
 314 011e EA       		.byte	-22
 315 011f 10       		.byte	16
 316 0120 EE       		.byte	-18
 317 0121 40       		.byte	64
 318 0122 18       		.byte	24
 319 0123 08       		.byte	8
 320 0124 1B       		.byte	27
 321 0125 40       		.byte	64
 322 0126 94       		.byte	-108
 323 0127 08       		.byte	8
 324 0128 A7       		.byte	-89
 325 0129 40       		.byte	64
 326 012a AA       		.byte	-86
 327 012b 04       		.byte	4
 328 012c AB       		.byte	-85
 329 012d 10       		.byte	16
 330 012e B1       		.byte	-79
 331 012f 04       		.byte	4
 332 0130 B5       		.byte	-75
 333 0131 10       		.byte	16
 334 0132 C6       		.byte	-58
 335 0133 40       		.byte	64
 336 0134 E8       		.byte	-24
 337 0135 20       		.byte	32
 338 0136 EE       		.byte	-18
 339 0137 20       		.byte	32
 340 0138 1F       		.byte	31
 341 0139 80       		.byte	-128
 342 013a 37       		.byte	55
ARM GAS  C:\Users\Nelson\AppData\Local\Temp\ccgPuwIq.s 			page 7


 343 013b 08       		.byte	8
 344 013c A5       		.byte	-91
 345 013d 28       		.byte	40
 346 013e AE       		.byte	-82
 347 013f 40       		.byte	64
 348 0140 AF       		.byte	-81
 349 0141 40       		.byte	64
 350 0142 C6       		.byte	-58
 351 0143 01       		.byte	1
 352 0144 CC       		.byte	-52
 353 0145 01       		.byte	1
 354 0146 AB       		.byte	-85
 355 0147 88       		.byte	-120
 356 0148 B1       		.byte	-79
 357 0149 20       		.byte	32
 358 014a B5       		.byte	-75
 359 014b 08       		.byte	8
 360 014c EC       		.byte	-20
 361 014d 09       		.byte	9
 362 014e 00       		.byte	0
 363 014f F5       		.byte	-11
 364 0150 01       		.byte	1
 365 0151 AA       		.byte	-86
 366 0152 02       		.byte	2
 367 0153 02       		.byte	2
 368 0154 10       		.byte	16
 369 0155 0A       		.byte	10
 370 0156 00       		.byte	0
 371 0157 00       		.byte	0
 372 0158 00       		.byte	0
 373 0159 00       		.byte	0
 374 015a 00       		.byte	0
 375 015b 00       		.byte	0
 376 015c 00       		.byte	0
 377 015d 00       		.byte	0
 378 015e 14       		.byte	20
 379 015f 00       		.byte	0
 380 0160 40       		.byte	64
 381 0161 00       		.byte	0
 382 0162 00       		.byte	0
 383 0163 00       		.byte	0
 384 0164 00       		.byte	0
 385 0165 00       		.byte	0
 386 0166 00       		.byte	0
 387 0167 00       		.byte	0
 388 0168 C0       		.byte	-64
 389 0169 00       		.byte	0
 390 016a 00       		.byte	0
 391 016b 00       		.byte	0
 392 016c 00       		.byte	0
 393 016d 0B       		.byte	11
 394 016e 0B       		.byte	11
 395 016f 00       		.byte	0
 396 0170 00       		.byte	0
 397 0171 00       		.byte	0
 398 0172 00       		.byte	0
 399 0173 00       		.byte	0
ARM GAS  C:\Users\Nelson\AppData\Local\Temp\ccgPuwIq.s 			page 8


 400 0174 00       		.byte	0
 401 0175 00       		.byte	0
 402 0176 00       		.byte	0
 403 0177 00       		.byte	0
 404 0178 00       		.byte	0
 405 0179 00       		.byte	0
 406 017a 48       		.byte	72
 407 017b 00       		.byte	0
 408 017c 00       		.byte	0
 409 017d 00       		.byte	0
 410 017e 00       		.byte	0
 411 017f 00       		.byte	0
 412 0180 00       		.byte	0
 413 0181 00       		.byte	0
 414 0182 03       		.byte	3
 415 0183 00       		.byte	0
 416 0184 95       		.byte	-107
 417 0185 00       		.byte	0
 418 0186 18       		.byte	24
 419 0187 01       		.byte	1
 420 0188 00       		.byte	0
 421 0189 01       		.byte	1
 422 018a 00       		.byte	0
 423 018b 00       		.byte	0
 424              		.section	.cywolatch,"a",%progbits
 425              		.align	2
 426              		.type	cy_meta_wonvl, %object
 427              		.size	cy_meta_wonvl, 4
 428              	cy_meta_wonvl:
 429 0000 BC       		.byte	-68
 430 0001 90       		.byte	-112
 431 0002 AC       		.byte	-84
 432 0003 AF       		.byte	-81
 433              		.section	.cycustnvl,"a",%progbits
 434              		.align	2
 435              		.type	cy_meta_custnvl, %object
 436              		.size	cy_meta_custnvl, 4
 437              	cy_meta_custnvl:
 438 0000 00       		.byte	0
 439 0001 00       		.byte	0
 440 0002 40       		.byte	64
 441 0003 05       		.byte	5
 442              		.section	.cymeta,"a",%progbits
 443              		.align	2
 444              		.type	cy_metadata, %object
 445              		.size	cy_metadata, 12
 446              	cy_metadata:
 447 0000 00       		.byte	0
 448 0001 01       		.byte	1
 449 0002 2E       		.byte	46
 450 0003 16       		.byte	22
 451 0004 10       		.byte	16
 452 0005 69       		.byte	105
 453 0006 00       		.byte	0
 454 0007 01       		.byte	1
 455 0008 00       		.byte	0
 456 0009 00       		.byte	0
ARM GAS  C:\Users\Nelson\AppData\Local\Temp\ccgPuwIq.s 			page 9


 457 000a 00       		.byte	0
 458 000b 00       		.byte	0
 459              		.section	.cyflashprotect,"a",%progbits
 460              		.align	2
 461              		.type	cy_meta_flashprotect, %object
 462              		.size	cy_meta_flashprotect, 256
 463              	cy_meta_flashprotect:
 464 0000 00000000 		.space	256
 464      00000000 
 464      00000000 
 464      00000000 
 464      00000000 
 465              		.text
 466              	.Letext0:
 467              		.file 1 "Generated_Source\\PSoC5\\cymetadata.c"
 468              		.file 2 "Generated_Source\\PSoC5\\cytypes.h"
 469              		.section	.debug_info,"",%progbits
 470              	.Ldebug_info0:
 471 0000 37010000 		.4byte	0x137
 472 0004 0400     		.2byte	0x4
 473 0006 00000000 		.4byte	.Ldebug_abbrev0
 474 000a 04       		.byte	0x4
 475 000b 01       		.uleb128 0x1
 476 000c 85000000 		.4byte	.LASF18
 477 0010 01       		.byte	0x1
 478 0011 DE010000 		.4byte	.LASF19
 479 0015 20010000 		.4byte	.LASF20
 480 0019 00000000 		.4byte	.Ldebug_line0
 481 001d 02       		.uleb128 0x2
 482 001e 01       		.byte	0x1
 483 001f 06       		.byte	0x6
 484 0020 D2010000 		.4byte	.LASF0
 485 0024 02       		.uleb128 0x2
 486 0025 01       		.byte	0x1
 487 0026 08       		.byte	0x8
 488 0027 29000000 		.4byte	.LASF1
 489 002b 02       		.uleb128 0x2
 490 002c 02       		.byte	0x2
 491 002d 05       		.byte	0x5
 492 002e B9010000 		.4byte	.LASF2
 493 0032 02       		.uleb128 0x2
 494 0033 02       		.byte	0x2
 495 0034 07       		.byte	0x7
 496 0035 49000000 		.4byte	.LASF3
 497 0039 02       		.uleb128 0x2
 498 003a 04       		.byte	0x4
 499 003b 05       		.byte	0x5
 500 003c C9010000 		.4byte	.LASF4
 501 0040 02       		.uleb128 0x2
 502 0041 04       		.byte	0x4
 503 0042 07       		.byte	0x7
 504 0043 37000000 		.4byte	.LASF5
 505 0047 02       		.uleb128 0x2
 506 0048 08       		.byte	0x8
 507 0049 05       		.byte	0x5
 508 004a A6010000 		.4byte	.LASF6
 509 004e 02       		.uleb128 0x2
ARM GAS  C:\Users\Nelson\AppData\Local\Temp\ccgPuwIq.s 			page 10


 510 004f 08       		.byte	0x8
 511 0050 07       		.byte	0x7
 512 0051 12000000 		.4byte	.LASF7
 513 0055 03       		.uleb128 0x3
 514 0056 04       		.byte	0x4
 515 0057 05       		.byte	0x5
 516 0058 696E7400 		.ascii	"int\000"
 517 005c 02       		.uleb128 0x2
 518 005d 04       		.byte	0x4
 519 005e 07       		.byte	0x7
 520 005f 13010000 		.4byte	.LASF8
 521 0063 04       		.uleb128 0x4
 522 0064 C3010000 		.4byte	.LASF21
 523 0068 02       		.byte	0x2
 524 0069 9201     		.2byte	0x192
 525 006b 24000000 		.4byte	0x24
 526 006f 02       		.uleb128 0x2
 527 0070 04       		.byte	0x4
 528 0071 04       		.byte	0x4
 529 0072 0C000000 		.4byte	.LASF9
 530 0076 02       		.uleb128 0x2
 531 0077 08       		.byte	0x8
 532 0078 04       		.byte	0x4
 533 0079 5C000000 		.4byte	.LASF10
 534 007d 02       		.uleb128 0x2
 535 007e 01       		.byte	0x1
 536 007f 08       		.byte	0x8
 537 0080 B4010000 		.4byte	.LASF11
 538 0084 05       		.uleb128 0x5
 539 0085 63000000 		.4byte	0x63
 540 0089 95000000 		.4byte	0x95
 541 008d 06       		.uleb128 0x6
 542 008e 95000000 		.4byte	0x95
 543 0092 8B01     		.2byte	0x18b
 544 0094 00       		.byte	0
 545 0095 02       		.uleb128 0x2
 546 0096 04       		.byte	0x4
 547 0097 07       		.byte	0x7
 548 0098 9D010000 		.4byte	.LASF12
 549 009c 07       		.uleb128 0x7
 550 009d 73000000 		.4byte	.LASF13
 551 00a1 01       		.byte	0x1
 552 00a2 1F       		.byte	0x1f
 553 00a3 AD000000 		.4byte	0xad
 554 00a7 05       		.uleb128 0x5
 555 00a8 03       		.byte	0x3
 556 00a9 00000000 		.4byte	cy_meta_configecc
 557 00ad 08       		.uleb128 0x8
 558 00ae 84000000 		.4byte	0x84
 559 00b2 05       		.uleb128 0x5
 560 00b3 63000000 		.4byte	0x63
 561 00b7 C2000000 		.4byte	0xc2
 562 00bb 09       		.uleb128 0x9
 563 00bc 95000000 		.4byte	0x95
 564 00c0 03       		.byte	0x3
 565 00c1 00       		.byte	0
 566 00c2 07       		.uleb128 0x7
ARM GAS  C:\Users\Nelson\AppData\Local\Temp\ccgPuwIq.s 			page 11


 567 00c3 63000000 		.4byte	.LASF14
 568 00c7 01       		.byte	0x1
 569 00c8 5E       		.byte	0x5e
 570 00c9 D3000000 		.4byte	0xd3
 571 00cd 05       		.uleb128 0x5
 572 00ce 03       		.byte	0x3
 573 00cf 00000000 		.4byte	cy_meta_custnvl
 574 00d3 08       		.uleb128 0x8
 575 00d4 B2000000 		.4byte	0xb2
 576 00d8 07       		.uleb128 0x7
 577 00d9 8F010000 		.4byte	.LASF15
 578 00dd 01       		.byte	0x1
 579 00de 6C       		.byte	0x6c
 580 00df E9000000 		.4byte	0xe9
 581 00e3 05       		.uleb128 0x5
 582 00e4 03       		.byte	0x3
 583 00e5 00000000 		.4byte	cy_meta_wonvl
 584 00e9 08       		.uleb128 0x8
 585 00ea B2000000 		.4byte	0xb2
 586 00ee 05       		.uleb128 0x5
 587 00ef 63000000 		.4byte	0x63
 588 00f3 FE000000 		.4byte	0xfe
 589 00f7 09       		.uleb128 0x9
 590 00f8 95000000 		.4byte	0x95
 591 00fc FF       		.byte	0xff
 592 00fd 00       		.byte	0
 593 00fe 07       		.uleb128 0x7
 594 00ff 7A010000 		.4byte	.LASF16
 595 0103 01       		.byte	0x1
 596 0104 7A       		.byte	0x7a
 597 0105 0F010000 		.4byte	0x10f
 598 0109 05       		.uleb128 0x5
 599 010a 03       		.byte	0x3
 600 010b 00000000 		.4byte	cy_meta_flashprotect
 601 010f 08       		.uleb128 0x8
 602 0110 EE000000 		.4byte	0xee
 603 0114 05       		.uleb128 0x5
 604 0115 63000000 		.4byte	0x63
 605 0119 24010000 		.4byte	0x124
 606 011d 09       		.uleb128 0x9
 607 011e 95000000 		.4byte	0x95
 608 0122 0B       		.byte	0xb
 609 0123 00       		.byte	0
 610 0124 07       		.uleb128 0x7
 611 0125 00000000 		.4byte	.LASF17
 612 0129 01       		.byte	0x1
 613 012a A7       		.byte	0xa7
 614 012b 35010000 		.4byte	0x135
 615 012f 05       		.uleb128 0x5
 616 0130 03       		.byte	0x3
 617 0131 00000000 		.4byte	cy_metadata
 618 0135 08       		.uleb128 0x8
 619 0136 14010000 		.4byte	0x114
 620 013a 00       		.byte	0
 621              		.section	.debug_abbrev,"",%progbits
 622              	.Ldebug_abbrev0:
 623 0000 01       		.uleb128 0x1
ARM GAS  C:\Users\Nelson\AppData\Local\Temp\ccgPuwIq.s 			page 12


 624 0001 11       		.uleb128 0x11
 625 0002 01       		.byte	0x1
 626 0003 25       		.uleb128 0x25
 627 0004 0E       		.uleb128 0xe
 628 0005 13       		.uleb128 0x13
 629 0006 0B       		.uleb128 0xb
 630 0007 03       		.uleb128 0x3
 631 0008 0E       		.uleb128 0xe
 632 0009 1B       		.uleb128 0x1b
 633 000a 0E       		.uleb128 0xe
 634 000b 10       		.uleb128 0x10
 635 000c 17       		.uleb128 0x17
 636 000d 00       		.byte	0
 637 000e 00       		.byte	0
 638 000f 02       		.uleb128 0x2
 639 0010 24       		.uleb128 0x24
 640 0011 00       		.byte	0
 641 0012 0B       		.uleb128 0xb
 642 0013 0B       		.uleb128 0xb
 643 0014 3E       		.uleb128 0x3e
 644 0015 0B       		.uleb128 0xb
 645 0016 03       		.uleb128 0x3
 646 0017 0E       		.uleb128 0xe
 647 0018 00       		.byte	0
 648 0019 00       		.byte	0
 649 001a 03       		.uleb128 0x3
 650 001b 24       		.uleb128 0x24
 651 001c 00       		.byte	0
 652 001d 0B       		.uleb128 0xb
 653 001e 0B       		.uleb128 0xb
 654 001f 3E       		.uleb128 0x3e
 655 0020 0B       		.uleb128 0xb
 656 0021 03       		.uleb128 0x3
 657 0022 08       		.uleb128 0x8
 658 0023 00       		.byte	0
 659 0024 00       		.byte	0
 660 0025 04       		.uleb128 0x4
 661 0026 16       		.uleb128 0x16
 662 0027 00       		.byte	0
 663 0028 03       		.uleb128 0x3
 664 0029 0E       		.uleb128 0xe
 665 002a 3A       		.uleb128 0x3a
 666 002b 0B       		.uleb128 0xb
 667 002c 3B       		.uleb128 0x3b
 668 002d 05       		.uleb128 0x5
 669 002e 49       		.uleb128 0x49
 670 002f 13       		.uleb128 0x13
 671 0030 00       		.byte	0
 672 0031 00       		.byte	0
 673 0032 05       		.uleb128 0x5
 674 0033 01       		.uleb128 0x1
 675 0034 01       		.byte	0x1
 676 0035 49       		.uleb128 0x49
 677 0036 13       		.uleb128 0x13
 678 0037 01       		.uleb128 0x1
 679 0038 13       		.uleb128 0x13
 680 0039 00       		.byte	0
ARM GAS  C:\Users\Nelson\AppData\Local\Temp\ccgPuwIq.s 			page 13


 681 003a 00       		.byte	0
 682 003b 06       		.uleb128 0x6
 683 003c 21       		.uleb128 0x21
 684 003d 00       		.byte	0
 685 003e 49       		.uleb128 0x49
 686 003f 13       		.uleb128 0x13
 687 0040 2F       		.uleb128 0x2f
 688 0041 05       		.uleb128 0x5
 689 0042 00       		.byte	0
 690 0043 00       		.byte	0
 691 0044 07       		.uleb128 0x7
 692 0045 34       		.uleb128 0x34
 693 0046 00       		.byte	0
 694 0047 03       		.uleb128 0x3
 695 0048 0E       		.uleb128 0xe
 696 0049 3A       		.uleb128 0x3a
 697 004a 0B       		.uleb128 0xb
 698 004b 3B       		.uleb128 0x3b
 699 004c 0B       		.uleb128 0xb
 700 004d 49       		.uleb128 0x49
 701 004e 13       		.uleb128 0x13
 702 004f 3F       		.uleb128 0x3f
 703 0050 19       		.uleb128 0x19
 704 0051 02       		.uleb128 0x2
 705 0052 18       		.uleb128 0x18
 706 0053 00       		.byte	0
 707 0054 00       		.byte	0
 708 0055 08       		.uleb128 0x8
 709 0056 26       		.uleb128 0x26
 710 0057 00       		.byte	0
 711 0058 49       		.uleb128 0x49
 712 0059 13       		.uleb128 0x13
 713 005a 00       		.byte	0
 714 005b 00       		.byte	0
 715 005c 09       		.uleb128 0x9
 716 005d 21       		.uleb128 0x21
 717 005e 00       		.byte	0
 718 005f 49       		.uleb128 0x49
 719 0060 13       		.uleb128 0x13
 720 0061 2F       		.uleb128 0x2f
 721 0062 0B       		.uleb128 0xb
 722 0063 00       		.byte	0
 723 0064 00       		.byte	0
 724 0065 00       		.byte	0
 725              		.section	.debug_aranges,"",%progbits
 726 0000 14000000 		.4byte	0x14
 727 0004 0200     		.2byte	0x2
 728 0006 00000000 		.4byte	.Ldebug_info0
 729 000a 04       		.byte	0x4
 730 000b 00       		.byte	0
 731 000c 0000     		.2byte	0
 732 000e 0000     		.2byte	0
 733 0010 00000000 		.4byte	0
 734 0014 00000000 		.4byte	0
 735              		.section	.debug_line,"",%progbits
 736              	.Ldebug_line0:
 737 0000 4D000000 		.section	.debug_str,"MS",%progbits,1
ARM GAS  C:\Users\Nelson\AppData\Local\Temp\ccgPuwIq.s 			page 14


 737      02004700 
 737      00000201 
 737      FB0E0D00 
 737      01010101 
 738              	.LASF17:
 739 0000 63795F6D 		.ascii	"cy_metadata\000"
 739      65746164 
 739      61746100 
 740              	.LASF9:
 741 000c 666C6F61 		.ascii	"float\000"
 741      7400
 742              	.LASF7:
 743 0012 6C6F6E67 		.ascii	"long long unsigned int\000"
 743      206C6F6E 
 743      6720756E 
 743      7369676E 
 743      65642069 
 744              	.LASF1:
 745 0029 756E7369 		.ascii	"unsigned char\000"
 745      676E6564 
 745      20636861 
 745      7200
 746              	.LASF5:
 747 0037 6C6F6E67 		.ascii	"long unsigned int\000"
 747      20756E73 
 747      69676E65 
 747      6420696E 
 747      7400
 748              	.LASF3:
 749 0049 73686F72 		.ascii	"short unsigned int\000"
 749      7420756E 
 749      7369676E 
 749      65642069 
 749      6E7400
 750              	.LASF10:
 751 005c 646F7562 		.ascii	"double\000"
 751      6C6500
 752              	.LASF14:
 753 0063 63795F6D 		.ascii	"cy_meta_custnvl\000"
 753      6574615F 
 753      63757374 
 753      6E766C00 
 754              	.LASF13:
 755 0073 63795F6D 		.ascii	"cy_meta_configecc\000"
 755      6574615F 
 755      636F6E66 
 755      69676563 
 755      6300
 756              	.LASF18:
 757 0085 474E5520 		.ascii	"GNU C 4.9.3 20150303 (release) [ARM/embedded-4_9-br"
 757      4320342E 
 757      392E3320 
 757      32303135 
 757      30333033 
 758 00b8 616E6368 		.ascii	"anch revision 221220] -mcpu=cortex-m3 -mthumb -g -O"
 758      20726576 
 758      6973696F 
ARM GAS  C:\Users\Nelson\AppData\Local\Temp\ccgPuwIq.s 			page 15


 758      6E203232 
 758      31323230 
 759 00eb 67202D66 		.ascii	"g -ffunction-sections -ffat-lto-objects\000"
 759      66756E63 
 759      74696F6E 
 759      2D736563 
 759      74696F6E 
 760              	.LASF8:
 761 0113 756E7369 		.ascii	"unsigned int\000"
 761      676E6564 
 761      20696E74 
 761      00
 762              	.LASF20:
 763 0120 433A5C55 		.ascii	"C:\\Users\\Nelson\\Desktop\\121 labs\\CMPE121 Lab P"
 763      73657273 
 763      5C4E656C 
 763      736F6E5C 
 763      4465736B 
 764 014e 726F6A65 		.ascii	"roject\\Oscilloscope\\PSOC\\Oscilliscope.cydsn\000"
 764      63745C4F 
 764      7363696C 
 764      6C6F7363 
 764      6F70655C 
 765              	.LASF16:
 766 017a 63795F6D 		.ascii	"cy_meta_flashprotect\000"
 766      6574615F 
 766      666C6173 
 766      6870726F 
 766      74656374 
 767              	.LASF15:
 768 018f 63795F6D 		.ascii	"cy_meta_wonvl\000"
 768      6574615F 
 768      776F6E76 
 768      6C00
 769              	.LASF12:
 770 019d 73697A65 		.ascii	"sizetype\000"
 770      74797065 
 770      00
 771              	.LASF6:
 772 01a6 6C6F6E67 		.ascii	"long long int\000"
 772      206C6F6E 
 772      6720696E 
 772      7400
 773              	.LASF11:
 774 01b4 63686172 		.ascii	"char\000"
 774      00
 775              	.LASF2:
 776 01b9 73686F72 		.ascii	"short int\000"
 776      7420696E 
 776      7400
 777              	.LASF21:
 778 01c3 75696E74 		.ascii	"uint8\000"
 778      3800
 779              	.LASF4:
 780 01c9 6C6F6E67 		.ascii	"long int\000"
 780      20696E74 
 780      00
ARM GAS  C:\Users\Nelson\AppData\Local\Temp\ccgPuwIq.s 			page 16


 781              	.LASF0:
 782 01d2 7369676E 		.ascii	"signed char\000"
 782      65642063 
 782      68617200 
 783              	.LASF19:
 784 01de 47656E65 		.ascii	"Generated_Source\\PSoC5\\cymetadata.c\000"
 784      72617465 
 784      645F536F 
 784      75726365 
 784      5C50536F 
 785              		.ident	"GCC: (GNU Tools for ARM Embedded Processors) 4.9.3 20150303 (release) [ARM/embedded-4_9-br
