ARM GAS  C:\Users\Nelson\AppData\Local\Temp\cc5wZN0P.s 			page 1


   1              		.syntax unified
   2              		.cpu cortex-m3
   3              		.fpu softvfp
   4              		.eabi_attribute 20, 1
   5              		.eabi_attribute 21, 1
   6              		.eabi_attribute 23, 3
   7              		.eabi_attribute 24, 1
   8              		.eabi_attribute 25, 1
   9              		.eabi_attribute 26, 1
  10              		.eabi_attribute 30, 1
  11              		.eabi_attribute 34, 1
  12              		.eabi_attribute 18, 4
  13              		.thumb
  14              		.file	"USBFS_descr.c"
  15              		.text
  16              	.Ltext0:
  17              		.cfi_sections	.debug_frame
  18              		.global	USBFS_TABLE
  19              		.global	USBFS_DEVICE0_TABLE
  20              		.global	USBFS_DEVICE0_CONFIGURATION0_TABLE
  21              		.global	USBFS_DEVICE0_CONFIGURATION0_INTERFACE_CLASS
  22              		.global	USBFS_DEVICE0_CONFIGURATION0_EP_SETTINGS_TABLE
  23              		.global	USBFS_DEVICE0_CONFIGURATION0_DESCR
  24              		.global	USBFS_DEVICE0_DESCR
  25              		.section	.rodata
  26              		.align	2
  27              		.type	USBFS_TABLE, %object
  28              		.size	USBFS_TABLE, 8
  29              	USBFS_TABLE:
  30 0000 01       		.byte	1
  31 0001 000000   		.space	3
  32 0004 00000000 		.word	USBFS_DEVICE0_TABLE
  33              		.type	USBFS_DEVICE0_TABLE, %object
  34              		.size	USBFS_DEVICE0_TABLE, 24
  35              	USBFS_DEVICE0_TABLE:
  36 0008 01       		.byte	1
  37 0009 000000   		.space	3
  38 000c 00000000 		.word	USBFS_DEVICE0_DESCR
  39 0010 00       		.byte	0
  40 0011 000000   		.space	3
  41 0014 00000000 		.word	0
  42 0018 01       		.byte	1
  43 0019 000000   		.space	3
  44 001c 00000000 		.word	USBFS_DEVICE0_CONFIGURATION0_TABLE
  45              		.type	USBFS_DEVICE0_CONFIGURATION0_TABLE, %object
  46              		.size	USBFS_DEVICE0_CONFIGURATION0_TABLE, 32
  47              	USBFS_DEVICE0_CONFIGURATION0_TABLE:
  48 0020 01       		.byte	1
  49 0021 000000   		.space	3
  50 0024 00000000 		.word	USBFS_DEVICE0_CONFIGURATION0_DESCR
  51 0028 05       		.byte	5
  52 0029 000000   		.space	3
  53 002c 00000000 		.word	USBFS_DEVICE0_CONFIGURATION0_EP_SETTINGS_TABLE
  54 0030 00       		.byte	0
  55 0031 000000   		.space	3
  56 0034 00000000 		.word	0
  57 0038 00       		.byte	0
ARM GAS  C:\Users\Nelson\AppData\Local\Temp\cc5wZN0P.s 			page 2


  58 0039 000000   		.space	3
  59 003c 00000000 		.word	USBFS_DEVICE0_CONFIGURATION0_INTERFACE_CLASS
  60              		.type	USBFS_DEVICE0_CONFIGURATION0_INTERFACE_CLASS, %object
  61              		.size	USBFS_DEVICE0_CONFIGURATION0_INTERFACE_CLASS, 1
  62              	USBFS_DEVICE0_CONFIGURATION0_INTERFACE_CLASS:
  63 0040 00       		.space	1
  64 0041 000000   		.space	3
  65              		.type	USBFS_DEVICE0_CONFIGURATION0_EP_SETTINGS_TABLE, %object
  66              		.size	USBFS_DEVICE0_CONFIGURATION0_EP_SETTINGS_TABLE, 40
  67              	USBFS_DEVICE0_CONFIGURATION0_EP_SETTINGS_TABLE:
  68 0044 00       		.byte	0
  69 0045 00       		.byte	0
  70 0046 81       		.byte	-127
  71 0047 02       		.byte	2
  72 0048 4000     		.short	64
  73 004a 00       		.byte	0
  74 004b 00       		.space	1
  75 004c 00       		.byte	0
  76 004d 00       		.byte	0
  77 004e 82       		.byte	-126
  78 004f 02       		.byte	2
  79 0050 4000     		.short	64
  80 0052 00       		.byte	0
  81 0053 00       		.space	1
  82 0054 00       		.byte	0
  83 0055 00       		.byte	0
  84 0056 83       		.byte	-125
  85 0057 02       		.byte	2
  86 0058 4000     		.short	64
  87 005a 00       		.byte	0
  88 005b 00       		.space	1
  89 005c 00       		.byte	0
  90 005d 00       		.byte	0
  91 005e 84       		.byte	-124
  92 005f 02       		.byte	2
  93 0060 4000     		.short	64
  94 0062 00       		.byte	0
  95 0063 00       		.space	1
  96 0064 00       		.byte	0
  97 0065 00       		.byte	0
  98 0066 05       		.byte	5
  99 0067 03       		.byte	3
 100 0068 4000     		.short	64
 101 006a 00       		.byte	0
 102 006b 00       		.space	1
 103              		.type	USBFS_DEVICE0_CONFIGURATION0_DESCR, %object
 104              		.size	USBFS_DEVICE0_CONFIGURATION0_DESCR, 53
 105              	USBFS_DEVICE0_CONFIGURATION0_DESCR:
 106 006c 09       		.byte	9
 107 006d 02       		.byte	2
 108 006e 35       		.byte	53
 109 006f 00       		.byte	0
 110 0070 01       		.byte	1
 111 0071 01       		.byte	1
 112 0072 00       		.byte	0
 113 0073 80       		.byte	-128
 114 0074 19       		.byte	25
ARM GAS  C:\Users\Nelson\AppData\Local\Temp\cc5wZN0P.s 			page 3


 115 0075 09       		.byte	9
 116 0076 04       		.byte	4
 117 0077 00       		.byte	0
 118 0078 00       		.byte	0
 119 0079 05       		.byte	5
 120 007a 00       		.byte	0
 121 007b 00       		.byte	0
 122 007c 00       		.byte	0
 123 007d 00       		.byte	0
 124 007e 07       		.byte	7
 125 007f 05       		.byte	5
 126 0080 81       		.byte	-127
 127 0081 02       		.byte	2
 128 0082 40       		.byte	64
 129 0083 00       		.byte	0
 130 0084 00       		.byte	0
 131 0085 07       		.byte	7
 132 0086 05       		.byte	5
 133 0087 82       		.byte	-126
 134 0088 02       		.byte	2
 135 0089 40       		.byte	64
 136 008a 00       		.byte	0
 137 008b 00       		.byte	0
 138 008c 07       		.byte	7
 139 008d 05       		.byte	5
 140 008e 83       		.byte	-125
 141 008f 02       		.byte	2
 142 0090 40       		.byte	64
 143 0091 00       		.byte	0
 144 0092 00       		.byte	0
 145 0093 07       		.byte	7
 146 0094 05       		.byte	5
 147 0095 84       		.byte	-124
 148 0096 02       		.byte	2
 149 0097 40       		.byte	64
 150 0098 00       		.byte	0
 151 0099 00       		.byte	0
 152 009a 07       		.byte	7
 153 009b 05       		.byte	5
 154 009c 05       		.byte	5
 155 009d 03       		.byte	3
 156 009e 40       		.byte	64
 157 009f 00       		.byte	0
 158 00a0 0A       		.byte	10
 159 00a1 000000   		.space	3
 160              		.type	USBFS_DEVICE0_DESCR, %object
 161              		.size	USBFS_DEVICE0_DESCR, 18
 162              	USBFS_DEVICE0_DESCR:
 163 00a4 12       		.byte	18
 164 00a5 01       		.byte	1
 165 00a6 00       		.byte	0
 166 00a7 02       		.byte	2
 167 00a8 00       		.byte	0
 168 00a9 00       		.byte	0
 169 00aa 00       		.byte	0
 170 00ab 08       		.byte	8
 171 00ac B4       		.byte	-76
ARM GAS  C:\Users\Nelson\AppData\Local\Temp\cc5wZN0P.s 			page 4


 172 00ad 04       		.byte	4
 173 00ae 51       		.byte	81
 174 00af 80       		.byte	-128
 175 00b0 00       		.byte	0
 176 00b1 00       		.byte	0
 177 00b2 00       		.byte	0
 178 00b3 00       		.byte	0
 179 00b4 00       		.byte	0
 180 00b5 01       		.byte	1
 181 00b6 0000     		.text
 182              	.Letext0:
 183              		.file 1 "Generated_Source\\PSoC5\\cytypes.h"
 184              		.file 2 "Generated_Source\\PSoC5\\USBFS.h"
 185              		.file 3 "Generated_Source\\PSoC5\\USBFS_descr.c"
 186              		.section	.debug_info,"",%progbits
 187              	.Ldebug_info0:
 188 0000 2B020000 		.4byte	0x22b
 189 0004 0400     		.2byte	0x4
 190 0006 00000000 		.4byte	.Ldebug_abbrev0
 191 000a 04       		.byte	0x4
 192 000b 01       		.uleb128 0x1
 193 000c 05020000 		.4byte	.LASF31
 194 0010 01       		.byte	0x1
 195 0011 B6010000 		.4byte	.LASF32
 196 0015 60000000 		.4byte	.LASF33
 197 0019 00000000 		.4byte	.Ldebug_line0
 198 001d 02       		.uleb128 0x2
 199 001e 01       		.byte	0x1
 200 001f 06       		.byte	0x6
 201 0020 E0020000 		.4byte	.LASF0
 202 0024 02       		.uleb128 0x2
 203 0025 01       		.byte	0x1
 204 0026 08       		.byte	0x8
 205 0027 CB000000 		.4byte	.LASF1
 206 002b 02       		.uleb128 0x2
 207 002c 02       		.byte	0x2
 208 002d 05       		.byte	0x5
 209 002e BD020000 		.4byte	.LASF2
 210 0032 02       		.uleb128 0x2
 211 0033 02       		.byte	0x2
 212 0034 07       		.byte	0x7
 213 0035 4D000000 		.4byte	.LASF3
 214 0039 02       		.uleb128 0x2
 215 003a 04       		.byte	0x4
 216 003b 05       		.byte	0x5
 217 003c D7020000 		.4byte	.LASF4
 218 0040 02       		.uleb128 0x2
 219 0041 04       		.byte	0x4
 220 0042 07       		.byte	0x7
 221 0043 80010000 		.4byte	.LASF5
 222 0047 02       		.uleb128 0x2
 223 0048 08       		.byte	0x8
 224 0049 05       		.byte	0x5
 225 004a 93020000 		.4byte	.LASF6
 226 004e 02       		.uleb128 0x2
 227 004f 08       		.byte	0x8
 228 0050 07       		.byte	0x7
ARM GAS  C:\Users\Nelson\AppData\Local\Temp\cc5wZN0P.s 			page 5


 229 0051 9F010000 		.4byte	.LASF7
 230 0055 03       		.uleb128 0x3
 231 0056 04       		.byte	0x4
 232 0057 05       		.byte	0x5
 233 0058 696E7400 		.ascii	"int\000"
 234 005c 02       		.uleb128 0x2
 235 005d 04       		.byte	0x4
 236 005e 07       		.byte	0x7
 237 005f 92010000 		.4byte	.LASF8
 238 0063 04       		.uleb128 0x4
 239 0064 C7020000 		.4byte	.LASF9
 240 0068 01       		.byte	0x1
 241 0069 9201     		.2byte	0x192
 242 006b 24000000 		.4byte	0x24
 243 006f 04       		.uleb128 0x4
 244 0070 27010000 		.4byte	.LASF10
 245 0074 01       		.byte	0x1
 246 0075 9301     		.2byte	0x193
 247 0077 32000000 		.4byte	0x32
 248 007b 02       		.uleb128 0x2
 249 007c 04       		.byte	0x4
 250 007d 04       		.byte	0x4
 251 007e BA000000 		.4byte	.LASF11
 252 0082 02       		.uleb128 0x2
 253 0083 08       		.byte	0x8
 254 0084 04       		.byte	0x4
 255 0085 20010000 		.4byte	.LASF12
 256 0089 02       		.uleb128 0x2
 257 008a 01       		.byte	0x1
 258 008b 08       		.byte	0x8
 259 008c AD020000 		.4byte	.LASF13
 260 0090 02       		.uleb128 0x2
 261 0091 04       		.byte	0x4
 262 0092 07       		.byte	0x7
 263 0093 FC010000 		.4byte	.LASF14
 264 0097 05       		.uleb128 0x5
 265 0098 08       		.byte	0x8
 266 0099 02       		.byte	0x2
 267 009a 95       		.byte	0x95
 268 009b E8000000 		.4byte	0xe8
 269 009f 06       		.uleb128 0x6
 270 00a0 CD020000 		.4byte	.LASF15
 271 00a4 02       		.byte	0x2
 272 00a5 97       		.byte	0x97
 273 00a6 63000000 		.4byte	0x63
 274 00aa 00       		.byte	0
 275 00ab 06       		.uleb128 0x6
 276 00ac C0000000 		.4byte	.LASF16
 277 00b0 02       		.byte	0x2
 278 00b1 98       		.byte	0x98
 279 00b2 63000000 		.4byte	0x63
 280 00b6 01       		.byte	0x1
 281 00b7 06       		.uleb128 0x6
 282 00b8 07010000 		.4byte	.LASF17
 283 00bc 02       		.byte	0x2
 284 00bd 99       		.byte	0x99
 285 00be 63000000 		.4byte	0x63
ARM GAS  C:\Users\Nelson\AppData\Local\Temp\cc5wZN0P.s 			page 6


 286 00c2 02       		.byte	0x2
 287 00c3 06       		.uleb128 0x6
 288 00c4 D9000000 		.4byte	.LASF18
 289 00c8 02       		.byte	0x2
 290 00c9 9A       		.byte	0x9a
 291 00ca 63000000 		.4byte	0x63
 292 00ce 03       		.byte	0x3
 293 00cf 06       		.uleb128 0x6
 294 00d0 B2020000 		.4byte	.LASF19
 295 00d4 02       		.byte	0x2
 296 00d5 9B       		.byte	0x9b
 297 00d6 6F000000 		.4byte	0x6f
 298 00da 04       		.byte	0x4
 299 00db 06       		.uleb128 0x6
 300 00dc EC020000 		.4byte	.LASF20
 301 00e0 02       		.byte	0x2
 302 00e1 9C       		.byte	0x9c
 303 00e2 63000000 		.4byte	0x63
 304 00e6 06       		.byte	0x6
 305 00e7 00       		.byte	0
 306 00e8 07       		.uleb128 0x7
 307 00e9 E2010000 		.4byte	.LASF21
 308 00ed 02       		.byte	0x2
 309 00ee 9D       		.byte	0x9d
 310 00ef 97000000 		.4byte	0x97
 311 00f3 05       		.uleb128 0x5
 312 00f4 08       		.byte	0x8
 313 00f5 02       		.byte	0x2
 314 00f6 AC       		.byte	0xac
 315 00f7 12010000 		.4byte	0x112
 316 00fb 08       		.uleb128 0x8
 317 00fc 6300     		.ascii	"c\000"
 318 00fe 02       		.byte	0x2
 319 00ff AE       		.byte	0xae
 320 0100 63000000 		.4byte	0x63
 321 0104 00       		.byte	0
 322 0105 06       		.uleb128 0x6
 323 0106 DB010000 		.4byte	.LASF22
 324 010a 02       		.byte	0x2
 325 010b AF       		.byte	0xaf
 326 010c 12010000 		.4byte	0x112
 327 0110 04       		.byte	0x4
 328 0111 00       		.byte	0
 329 0112 09       		.uleb128 0x9
 330 0113 04       		.byte	0x4
 331 0114 18010000 		.4byte	0x118
 332 0118 0A       		.uleb128 0xa
 333 0119 07       		.uleb128 0x7
 334 011a A1020000 		.4byte	.LASF23
 335 011e 02       		.byte	0x2
 336 011f B0       		.byte	0xb0
 337 0120 F3000000 		.4byte	0xf3
 338 0124 0B       		.uleb128 0xb
 339 0125 63000000 		.4byte	0x63
 340 0129 34010000 		.4byte	0x134
 341 012d 0C       		.uleb128 0xc
 342 012e 90000000 		.4byte	0x90
ARM GAS  C:\Users\Nelson\AppData\Local\Temp\cc5wZN0P.s 			page 7


 343 0132 11       		.byte	0x11
 344 0133 00       		.byte	0
 345 0134 0D       		.uleb128 0xd
 346 0135 00000000 		.4byte	.LASF24
 347 0139 03       		.byte	0x3
 348 013a 24       		.byte	0x24
 349 013b 45010000 		.4byte	0x145
 350 013f 05       		.uleb128 0x5
 351 0140 03       		.byte	0x3
 352 0141 00000000 		.4byte	USBFS_DEVICE0_DESCR
 353 0145 0E       		.uleb128 0xe
 354 0146 24010000 		.4byte	0x124
 355 014a 0B       		.uleb128 0xb
 356 014b 63000000 		.4byte	0x63
 357 014f 5A010000 		.4byte	0x15a
 358 0153 0C       		.uleb128 0xc
 359 0154 90000000 		.4byte	0x90
 360 0158 34       		.byte	0x34
 361 0159 00       		.byte	0
 362 015a 0D       		.uleb128 0xd
 363 015b 5D010000 		.4byte	.LASF25
 364 015f 03       		.byte	0x3
 365 0160 37       		.byte	0x37
 366 0161 6B010000 		.4byte	0x16b
 367 0165 05       		.uleb128 0x5
 368 0166 03       		.byte	0x3
 369 0167 00000000 		.4byte	USBFS_DEVICE0_CONFIGURATION0_DESCR
 370 016b 0E       		.uleb128 0xe
 371 016c 4A010000 		.4byte	0x14a
 372 0170 0B       		.uleb128 0xb
 373 0171 E8000000 		.4byte	0xe8
 374 0175 80010000 		.4byte	0x180
 375 0179 0C       		.uleb128 0xc
 376 017a 90000000 		.4byte	0x90
 377 017e 04       		.byte	0x4
 378 017f 00       		.byte	0
 379 0180 0D       		.uleb128 0xd
 380 0181 2E010000 		.4byte	.LASF26
 381 0185 03       		.byte	0x3
 382 0186 86       		.byte	0x86
 383 0187 91010000 		.4byte	0x191
 384 018b 05       		.uleb128 0x5
 385 018c 03       		.byte	0x3
 386 018d 00000000 		.4byte	USBFS_DEVICE0_CONFIGURATION0_EP_SETTINGS_TABLE
 387 0191 0E       		.uleb128 0xe
 388 0192 70010000 		.4byte	0x170
 389 0196 0B       		.uleb128 0xb
 390 0197 63000000 		.4byte	0x63
 391 019b A6010000 		.4byte	0x1a6
 392 019f 0C       		.uleb128 0xc
 393 01a0 90000000 		.4byte	0x90
 394 01a4 00       		.byte	0
 395 01a5 00       		.byte	0
 396 01a6 0D       		.uleb128 0xd
 397 01a7 14000000 		.4byte	.LASF27
 398 01ab 03       		.byte	0x3
 399 01ac 8E       		.byte	0x8e
ARM GAS  C:\Users\Nelson\AppData\Local\Temp\cc5wZN0P.s 			page 8


 400 01ad B7010000 		.4byte	0x1b7
 401 01b1 05       		.uleb128 0x5
 402 01b2 03       		.byte	0x3
 403 01b3 00000000 		.4byte	USBFS_DEVICE0_CONFIGURATION0_INTERFACE_CLASS
 404 01b7 0E       		.uleb128 0xe
 405 01b8 96010000 		.4byte	0x196
 406 01bc 0B       		.uleb128 0xb
 407 01bd 19010000 		.4byte	0x119
 408 01c1 CC010000 		.4byte	0x1cc
 409 01c5 0C       		.uleb128 0xc
 410 01c6 90000000 		.4byte	0x90
 411 01ca 03       		.byte	0x3
 412 01cb 00       		.byte	0
 413 01cc 0D       		.uleb128 0xd
 414 01cd E4000000 		.4byte	.LASF28
 415 01d1 03       		.byte	0x3
 416 01d2 96       		.byte	0x96
 417 01d3 DD010000 		.4byte	0x1dd
 418 01d7 05       		.uleb128 0x5
 419 01d8 03       		.byte	0x3
 420 01d9 00000000 		.4byte	USBFS_DEVICE0_CONFIGURATION0_TABLE
 421 01dd 0E       		.uleb128 0xe
 422 01de BC010000 		.4byte	0x1bc
 423 01e2 0B       		.uleb128 0xb
 424 01e3 19010000 		.4byte	0x119
 425 01e7 F2010000 		.4byte	0x1f2
 426 01eb 0C       		.uleb128 0xc
 427 01ec 90000000 		.4byte	0x90
 428 01f0 02       		.byte	0x2
 429 01f1 00       		.byte	0
 430 01f2 0D       		.uleb128 0xd
 431 01f3 0C010000 		.4byte	.LASF29
 432 01f7 03       		.byte	0x3
 433 01f8 A0       		.byte	0xa0
 434 01f9 03020000 		.4byte	0x203
 435 01fd 05       		.uleb128 0x5
 436 01fe 03       		.byte	0x3
 437 01ff 00000000 		.4byte	USBFS_DEVICE0_TABLE
 438 0203 0E       		.uleb128 0xe
 439 0204 E2010000 		.4byte	0x1e2
 440 0208 0B       		.uleb128 0xb
 441 0209 19010000 		.4byte	0x119
 442 020d 18020000 		.4byte	0x218
 443 0211 0C       		.uleb128 0xc
 444 0212 90000000 		.4byte	0x90
 445 0216 00       		.byte	0
 446 0217 00       		.byte	0
 447 0218 0D       		.uleb128 0xd
 448 0219 41000000 		.4byte	.LASF30
 449 021d 03       		.byte	0x3
 450 021e A8       		.byte	0xa8
 451 021f 29020000 		.4byte	0x229
 452 0223 05       		.uleb128 0x5
 453 0224 03       		.byte	0x3
 454 0225 00000000 		.4byte	USBFS_TABLE
 455 0229 0E       		.uleb128 0xe
 456 022a 08020000 		.4byte	0x208
ARM GAS  C:\Users\Nelson\AppData\Local\Temp\cc5wZN0P.s 			page 9


 457 022e 00       		.byte	0
 458              		.section	.debug_abbrev,"",%progbits
 459              	.Ldebug_abbrev0:
 460 0000 01       		.uleb128 0x1
 461 0001 11       		.uleb128 0x11
 462 0002 01       		.byte	0x1
 463 0003 25       		.uleb128 0x25
 464 0004 0E       		.uleb128 0xe
 465 0005 13       		.uleb128 0x13
 466 0006 0B       		.uleb128 0xb
 467 0007 03       		.uleb128 0x3
 468 0008 0E       		.uleb128 0xe
 469 0009 1B       		.uleb128 0x1b
 470 000a 0E       		.uleb128 0xe
 471 000b 10       		.uleb128 0x10
 472 000c 17       		.uleb128 0x17
 473 000d 00       		.byte	0
 474 000e 00       		.byte	0
 475 000f 02       		.uleb128 0x2
 476 0010 24       		.uleb128 0x24
 477 0011 00       		.byte	0
 478 0012 0B       		.uleb128 0xb
 479 0013 0B       		.uleb128 0xb
 480 0014 3E       		.uleb128 0x3e
 481 0015 0B       		.uleb128 0xb
 482 0016 03       		.uleb128 0x3
 483 0017 0E       		.uleb128 0xe
 484 0018 00       		.byte	0
 485 0019 00       		.byte	0
 486 001a 03       		.uleb128 0x3
 487 001b 24       		.uleb128 0x24
 488 001c 00       		.byte	0
 489 001d 0B       		.uleb128 0xb
 490 001e 0B       		.uleb128 0xb
 491 001f 3E       		.uleb128 0x3e
 492 0020 0B       		.uleb128 0xb
 493 0021 03       		.uleb128 0x3
 494 0022 08       		.uleb128 0x8
 495 0023 00       		.byte	0
 496 0024 00       		.byte	0
 497 0025 04       		.uleb128 0x4
 498 0026 16       		.uleb128 0x16
 499 0027 00       		.byte	0
 500 0028 03       		.uleb128 0x3
 501 0029 0E       		.uleb128 0xe
 502 002a 3A       		.uleb128 0x3a
 503 002b 0B       		.uleb128 0xb
 504 002c 3B       		.uleb128 0x3b
 505 002d 05       		.uleb128 0x5
 506 002e 49       		.uleb128 0x49
 507 002f 13       		.uleb128 0x13
 508 0030 00       		.byte	0
 509 0031 00       		.byte	0
 510 0032 05       		.uleb128 0x5
 511 0033 13       		.uleb128 0x13
 512 0034 01       		.byte	0x1
 513 0035 0B       		.uleb128 0xb
ARM GAS  C:\Users\Nelson\AppData\Local\Temp\cc5wZN0P.s 			page 10


 514 0036 0B       		.uleb128 0xb
 515 0037 3A       		.uleb128 0x3a
 516 0038 0B       		.uleb128 0xb
 517 0039 3B       		.uleb128 0x3b
 518 003a 0B       		.uleb128 0xb
 519 003b 01       		.uleb128 0x1
 520 003c 13       		.uleb128 0x13
 521 003d 00       		.byte	0
 522 003e 00       		.byte	0
 523 003f 06       		.uleb128 0x6
 524 0040 0D       		.uleb128 0xd
 525 0041 00       		.byte	0
 526 0042 03       		.uleb128 0x3
 527 0043 0E       		.uleb128 0xe
 528 0044 3A       		.uleb128 0x3a
 529 0045 0B       		.uleb128 0xb
 530 0046 3B       		.uleb128 0x3b
 531 0047 0B       		.uleb128 0xb
 532 0048 49       		.uleb128 0x49
 533 0049 13       		.uleb128 0x13
 534 004a 38       		.uleb128 0x38
 535 004b 0B       		.uleb128 0xb
 536 004c 00       		.byte	0
 537 004d 00       		.byte	0
 538 004e 07       		.uleb128 0x7
 539 004f 16       		.uleb128 0x16
 540 0050 00       		.byte	0
 541 0051 03       		.uleb128 0x3
 542 0052 0E       		.uleb128 0xe
 543 0053 3A       		.uleb128 0x3a
 544 0054 0B       		.uleb128 0xb
 545 0055 3B       		.uleb128 0x3b
 546 0056 0B       		.uleb128 0xb
 547 0057 49       		.uleb128 0x49
 548 0058 13       		.uleb128 0x13
 549 0059 00       		.byte	0
 550 005a 00       		.byte	0
 551 005b 08       		.uleb128 0x8
 552 005c 0D       		.uleb128 0xd
 553 005d 00       		.byte	0
 554 005e 03       		.uleb128 0x3
 555 005f 08       		.uleb128 0x8
 556 0060 3A       		.uleb128 0x3a
 557 0061 0B       		.uleb128 0xb
 558 0062 3B       		.uleb128 0x3b
 559 0063 0B       		.uleb128 0xb
 560 0064 49       		.uleb128 0x49
 561 0065 13       		.uleb128 0x13
 562 0066 38       		.uleb128 0x38
 563 0067 0B       		.uleb128 0xb
 564 0068 00       		.byte	0
 565 0069 00       		.byte	0
 566 006a 09       		.uleb128 0x9
 567 006b 0F       		.uleb128 0xf
 568 006c 00       		.byte	0
 569 006d 0B       		.uleb128 0xb
 570 006e 0B       		.uleb128 0xb
ARM GAS  C:\Users\Nelson\AppData\Local\Temp\cc5wZN0P.s 			page 11


 571 006f 49       		.uleb128 0x49
 572 0070 13       		.uleb128 0x13
 573 0071 00       		.byte	0
 574 0072 00       		.byte	0
 575 0073 0A       		.uleb128 0xa
 576 0074 26       		.uleb128 0x26
 577 0075 00       		.byte	0
 578 0076 00       		.byte	0
 579 0077 00       		.byte	0
 580 0078 0B       		.uleb128 0xb
 581 0079 01       		.uleb128 0x1
 582 007a 01       		.byte	0x1
 583 007b 49       		.uleb128 0x49
 584 007c 13       		.uleb128 0x13
 585 007d 01       		.uleb128 0x1
 586 007e 13       		.uleb128 0x13
 587 007f 00       		.byte	0
 588 0080 00       		.byte	0
 589 0081 0C       		.uleb128 0xc
 590 0082 21       		.uleb128 0x21
 591 0083 00       		.byte	0
 592 0084 49       		.uleb128 0x49
 593 0085 13       		.uleb128 0x13
 594 0086 2F       		.uleb128 0x2f
 595 0087 0B       		.uleb128 0xb
 596 0088 00       		.byte	0
 597 0089 00       		.byte	0
 598 008a 0D       		.uleb128 0xd
 599 008b 34       		.uleb128 0x34
 600 008c 00       		.byte	0
 601 008d 03       		.uleb128 0x3
 602 008e 0E       		.uleb128 0xe
 603 008f 3A       		.uleb128 0x3a
 604 0090 0B       		.uleb128 0xb
 605 0091 3B       		.uleb128 0x3b
 606 0092 0B       		.uleb128 0xb
 607 0093 49       		.uleb128 0x49
 608 0094 13       		.uleb128 0x13
 609 0095 3F       		.uleb128 0x3f
 610 0096 19       		.uleb128 0x19
 611 0097 02       		.uleb128 0x2
 612 0098 18       		.uleb128 0x18
 613 0099 00       		.byte	0
 614 009a 00       		.byte	0
 615 009b 0E       		.uleb128 0xe
 616 009c 26       		.uleb128 0x26
 617 009d 00       		.byte	0
 618 009e 49       		.uleb128 0x49
 619 009f 13       		.uleb128 0x13
 620 00a0 00       		.byte	0
 621 00a1 00       		.byte	0
 622 00a2 00       		.byte	0
 623              		.section	.debug_aranges,"",%progbits
 624 0000 14000000 		.4byte	0x14
 625 0004 0200     		.2byte	0x2
 626 0006 00000000 		.4byte	.Ldebug_info0
 627 000a 04       		.byte	0x4
ARM GAS  C:\Users\Nelson\AppData\Local\Temp\cc5wZN0P.s 			page 12


 628 000b 00       		.byte	0
 629 000c 0000     		.2byte	0
 630 000e 0000     		.2byte	0
 631 0010 00000000 		.4byte	0
 632 0014 00000000 		.4byte	0
 633              		.section	.debug_line,"",%progbits
 634              	.Ldebug_line0:
 635 0000 59000000 		.section	.debug_str,"MS",%progbits,1
 635      02005300 
 635      00000201 
 635      FB0E0D00 
 635      01010101 
 636              	.LASF24:
 637 0000 55534246 		.ascii	"USBFS_DEVICE0_DESCR\000"
 637      535F4445 
 637      56494345 
 637      305F4445 
 637      53435200 
 638              	.LASF27:
 639 0014 55534246 		.ascii	"USBFS_DEVICE0_CONFIGURATION0_INTERFACE_CLASS\000"
 639      535F4445 
 639      56494345 
 639      305F434F 
 639      4E464947 
 640              	.LASF30:
 641 0041 55534246 		.ascii	"USBFS_TABLE\000"
 641      535F5441 
 641      424C4500 
 642              	.LASF3:
 643 004d 73686F72 		.ascii	"short unsigned int\000"
 643      7420756E 
 643      7369676E 
 643      65642069 
 643      6E7400
 644              	.LASF33:
 645 0060 433A5C55 		.ascii	"C:\\Users\\Nelson\\Desktop\\121 labs\\CMPE121 Lab P"
 645      73657273 
 645      5C4E656C 
 645      736F6E5C 
 645      4465736B 
 646 008e 726F6A65 		.ascii	"roject\\Oscilloscope\\PSOC\\Oscilliscope.cydsn\000"
 646      63745C4F 
 646      7363696C 
 646      6C6F7363 
 646      6F70655C 
 647              	.LASF11:
 648 00ba 666C6F61 		.ascii	"float\000"
 648      7400
 649              	.LASF16:
 650 00c0 616C7453 		.ascii	"altSetting\000"
 650      65747469 
 650      6E6700
 651              	.LASF1:
 652 00cb 756E7369 		.ascii	"unsigned char\000"
 652      676E6564 
 652      20636861 
 652      7200
ARM GAS  C:\Users\Nelson\AppData\Local\Temp\cc5wZN0P.s 			page 13


 653              	.LASF18:
 654 00d9 61747472 		.ascii	"attributes\000"
 654      69627574 
 654      657300
 655              	.LASF28:
 656 00e4 55534246 		.ascii	"USBFS_DEVICE0_CONFIGURATION0_TABLE\000"
 656      535F4445 
 656      56494345 
 656      305F434F 
 656      4E464947 
 657              	.LASF17:
 658 0107 61646472 		.ascii	"addr\000"
 658      00
 659              	.LASF29:
 660 010c 55534246 		.ascii	"USBFS_DEVICE0_TABLE\000"
 660      535F4445 
 660      56494345 
 660      305F5441 
 660      424C4500 
 661              	.LASF12:
 662 0120 646F7562 		.ascii	"double\000"
 662      6C6500
 663              	.LASF10:
 664 0127 75696E74 		.ascii	"uint16\000"
 664      313600
 665              	.LASF26:
 666 012e 55534246 		.ascii	"USBFS_DEVICE0_CONFIGURATION0_EP_SETTINGS_TABLE\000"
 666      535F4445 
 666      56494345 
 666      305F434F 
 666      4E464947 
 667              	.LASF25:
 668 015d 55534246 		.ascii	"USBFS_DEVICE0_CONFIGURATION0_DESCR\000"
 668      535F4445 
 668      56494345 
 668      305F434F 
 668      4E464947 
 669              	.LASF5:
 670 0180 6C6F6E67 		.ascii	"long unsigned int\000"
 670      20756E73 
 670      69676E65 
 670      6420696E 
 670      7400
 671              	.LASF8:
 672 0192 756E7369 		.ascii	"unsigned int\000"
 672      676E6564 
 672      20696E74 
 672      00
 673              	.LASF7:
 674 019f 6C6F6E67 		.ascii	"long long unsigned int\000"
 674      206C6F6E 
 674      6720756E 
 674      7369676E 
 674      65642069 
 675              	.LASF32:
 676 01b6 47656E65 		.ascii	"Generated_Source\\PSoC5\\USBFS_descr.c\000"
 676      72617465 
ARM GAS  C:\Users\Nelson\AppData\Local\Temp\cc5wZN0P.s 			page 14


 676      645F536F 
 676      75726365 
 676      5C50536F 
 677              	.LASF22:
 678 01db 705F6C69 		.ascii	"p_list\000"
 678      737400
 679              	.LASF21:
 680 01e2 545F5553 		.ascii	"T_USBFS_EP_SETTINGS_BLOCK\000"
 680      4246535F 
 680      45505F53 
 680      45545449 
 680      4E47535F 
 681              	.LASF14:
 682 01fc 73697A65 		.ascii	"sizetype\000"
 682      74797065 
 682      00
 683              	.LASF31:
 684 0205 474E5520 		.ascii	"GNU C 4.9.3 20150303 (release) [ARM/embedded-4_9-br"
 684      4320342E 
 684      392E3320 
 684      32303135 
 684      30333033 
 685 0238 616E6368 		.ascii	"anch revision 221220] -mcpu=cortex-m3 -mthumb -g -O"
 685      20726576 
 685      6973696F 
 685      6E203232 
 685      31323230 
 686 026b 67202D66 		.ascii	"g -ffunction-sections -ffat-lto-objects\000"
 686      66756E63 
 686      74696F6E 
 686      2D736563 
 686      74696F6E 
 687              	.LASF6:
 688 0293 6C6F6E67 		.ascii	"long long int\000"
 688      206C6F6E 
 688      6720696E 
 688      7400
 689              	.LASF23:
 690 02a1 545F5553 		.ascii	"T_USBFS_LUT\000"
 690      4246535F 
 690      4C555400 
 691              	.LASF13:
 692 02ad 63686172 		.ascii	"char\000"
 692      00
 693              	.LASF19:
 694 02b2 62756666 		.ascii	"bufferSize\000"
 694      65725369 
 694      7A6500
 695              	.LASF2:
 696 02bd 73686F72 		.ascii	"short int\000"
 696      7420696E 
 696      7400
 697              	.LASF9:
 698 02c7 75696E74 		.ascii	"uint8\000"
 698      3800
 699              	.LASF15:
 700 02cd 696E7465 		.ascii	"interface\000"
ARM GAS  C:\Users\Nelson\AppData\Local\Temp\cc5wZN0P.s 			page 15


 700      72666163 
 700      6500
 701              	.LASF4:
 702 02d7 6C6F6E67 		.ascii	"long int\000"
 702      20696E74 
 702      00
 703              	.LASF0:
 704 02e0 7369676E 		.ascii	"signed char\000"
 704      65642063 
 704      68617200 
 705              	.LASF20:
 706 02ec 624D6973 		.ascii	"bMisc\000"
 706      6300
 707              		.ident	"GCC: (GNU Tools for ARM Embedded Processors) 4.9.3 20150303 (release) [ARM/embedded-4_9-br
